2023-05-05 22:40:08 +0000  Initial pipeline context: <IDEDistributionProcessingPipelineContext: 0x2cdd54970; archive(resolved)="<IDEArchive: 0x60000a499f80>", distributionTask(resolved)="2", distributionDestination(resolved)="1", distributionMethod(resolved)="<IDEDistributionMethodDevelopmentSigned: 0x60004436a120>", team(resolved)="<IDEProvisioningDisambiguatableBasicTeam: 0x600001f463c0; teamID='V73TDMAF88', teamName='Vasil Borisov', teamType='Individual', username='vasil.borisovv@gmail.com', isFreeProvisioningTeam='0'>">
	Chain (14, self inclusive):
	<IDEDistributionProcessingPipelineContext: 0x2cdd54970; archive = "<IDEArchive: 0x60000a499f80>", distributionMethod="<IDEDistributionMethodDevelopmentSigned: 0x60004436a120>", team="<IDEProvisioningDisambiguatableBasicTeam: 0x600001f463c0; teamID='V73TDMAF88', teamName='Vasil Borisov', teamType='Individual', username='vasil.borisovv@gmail.com', isFreeProvisioningTeam='0'>">
	<IDEDistributionProcessingPipelineContext: 0x120549450; archive = "<IDEArchive: 0x60000a499f80>", distributionMethod="<IDEDistributionMethodDevelopmentSigned: 0x60004436a120>", team="<IDEProvisioningDisambiguatableBasicTeam: 0x600001f463c0; teamID='V73TDMAF88', teamName='Vasil Borisov', teamType='Individual', username='vasil.borisovv@gmail.com', isFreeProvisioningTeam='0'>">
	<IDEDistributionContext: 0x120653ee0; archive = "<IDEArchive: 0x60000a499f80>", distributionMethod="<IDEDistributionMethodDevelopmentSigned: 0x60004436a120>", team="<IDEProvisioningDisambiguatableBasicTeam: 0x600001f463c0; teamID='V73TDMAF88', teamName='Vasil Borisov', teamType='Individual', username='vasil.borisovv@gmail.com', isFreeProvisioningTeam='0'>">
	<IDEDistributionContext: 0x10fea0910; archive = "<IDEArchive: 0x60000a499f80>", distributionMethod="<IDEDistributionMethodDevelopmentSigned: 0x60004436a120>", team="<IDEProvisioningDisambiguatableBasicTeam: 0x600001f463c0; teamID='V73TDMAF88', teamName='Vasil Borisov', teamType='Individual', username='vasil.borisovv@gmail.com', isFreeProvisioningTeam='0'>">
	<IDEDistributionContext: 0x10fe94f20; archive = "<IDEArchive: 0x60000a499f80>", distributionMethod="<IDEDistributionMethodDevelopmentSigned: 0x60004436a120>", team="<IDEProvisioningDisambiguatableBasicTeam: 0x600001f463c0; teamID='V73TDMAF88', teamName='Vasil Borisov', teamType='Individual', username='vasil.borisovv@gmail.com', isFreeProvisioningTeam='0'>">
	<IDEDistributionContext: 0x10fe94d00; archive = "<IDEArchive: 0x60000a499f80>", distributionMethod="<IDEDistributionMethodDevelopmentSigned: 0x60004436a120>", team="<IDEProvisioningDisambiguatableBasicTeam: 0x600001f463c0; teamID='V73TDMAF88', teamName='Vasil Borisov', teamType='Individual', username='vasil.borisovv@gmail.com', isFreeProvisioningTeam='0'>">
	<IDEDistributionContext: 0x10fe09b10; archive = "<IDEArchive: 0x60000a499f80>", distributionMethod="<IDEDistributionMethodDevelopmentSigned: 0x60004436a120>", team="<IDEProvisioningDisambiguatableBasicTeam: 0x600001f463c0; teamID='V73TDMAF88', teamName='Vasil Borisov', teamType='Individual', username='vasil.borisovv@gmail.com', isFreeProvisioningTeam='0'>">
	<IDEDistributionContext: 0x10fe14200; archive = "<IDEArchive: 0x60000a499f80>", distributionMethod="<IDEDistributionMethodDevelopmentSigned: 0x60004436a120>", team="<IDEProvisioningDisambiguatableBasicTeam: 0x600001f463c0; teamID='V73TDMAF88', teamName='Vasil Borisov', teamType='Individual', username='vasil.borisovv@gmail.com', isFreeProvisioningTeam='0'>">
	<IDEDistributionContext: 0x2d2ecd750; archive = "<IDEArchive: 0x60000a499f80>", distributionMethod="<IDEDistributionMethodDevelopmentSigned: 0x60004436a120>", team="<IDEProvisioningDisambiguatableBasicTeam: 0x600001f463c0; teamID='V73TDMAF88', teamName='Vasil Borisov', teamType='Individual', username='vasil.borisovv@gmail.com', isFreeProvisioningTeam='0'>">
	<IDEDistributionContext: 0x2d2ecdbc0; archive = "<IDEArchive: 0x60000a499f80>", distributionMethod="<IDEDistributionMethodDevelopmentSigned: 0x60004436a120>", team="(null)">
	<IDEDistributionContext: 0x10fe2d160; archive = "<IDEArchive: 0x60000a499f80>", distributionMethod="<IDEDistributionMethodDevelopmentSigned: 0x60004436a120>", team="(null)">
	<IDEDistributionContext: 0x10fe13d40; archive = "<IDEArchive: 0x60000a499f80>", distributionMethod="<IDEDistributionMethodDevelopmentSigned: 0x60004436a120>", team="(null)">
	<IDEDistributionContext: 0x2cdd4de90; archive = "<IDEArchive: 0x60000a499f80>", distributionMethod="<IDEDistributionMethodDevelopmentSigned: 0x60004436a120>", team="(null)">
	<IDEDistributionContext: 0x10ffaeb50; archive = "<IDEArchive: 0x60000a499f80>", distributionMethod="(null)", team="(null)">
</IDEDistributionProcessingPipelineContext: 0x2cdd54970>
2023-05-05 22:40:08 +0000  Processing step: IDEDistributionCreateDestRootStep
2023-05-05 22:40:08 +0000  Processing step: IDEDistributionCopyItemStep
2023-05-05 22:40:08 +0000  Running /usr/bin/ditto '-V' '/Users/bacataborisov/Library/Developer/Xcode/Archives/2023-05-05/Sowify 5.05.23, 18.38.xcarchive/Products/Applications/Sowify.app' '/var/folders/rp/25m_x24577s1jnrl6fm65svw0000gn/T/XcodeDistPipeline.~~~t7SijW/Root/Payload/Sowify.app'
2023-05-05 22:40:08 +0000  >>> Copying /Users/bacataborisov/Library/Developer/Xcode/Archives/2023-05-05/Sowify 5.05.23, 18.38.xcarchive/Products/Applications/Sowify.app 
2023-05-05 22:40:08 +0000  copying file ./_CodeSignature/CodeResources ... 
2023-05-05 22:40:08 +0000  5165 bytes for ./_CodeSignature/CodeResources
2023-05-05 22:40:08 +0000  copying file ./AppIcon60x60@2x.png ... 
2023-05-05 22:40:08 +0000  8887 bytes for ./AppIcon60x60@2x.png
2023-05-05 22:40:08 +0000  copying file ./Sowify ... 
2023-05-05 22:40:08 +0000  1360128 bytes for ./Sowify
2023-05-05 22:40:08 +0000  copying file ./Base.lproj/Main.storyboardc/6ZI-3R-Ws1-view-UoK-Xe-ovN.nib ... 
2023-05-05 22:40:08 +0000  5528 bytes for ./Base.lproj/Main.storyboardc/6ZI-3R-Ws1-view-UoK-Xe-ovN.nib
2023-05-05 22:40:08 +0000  copying file ./Base.lproj/Main.storyboardc/UIViewController-6ZI-3R-Ws1.nib ... 
2023-05-05 22:40:08 +0000  1076 bytes for ./Base.lproj/Main.storyboardc/UIViewController-6ZI-3R-Ws1.nib
2023-05-05 22:40:08 +0000  copying file ./Base.lproj/Main.storyboardc/UIViewController-BYZ-38-t0r.nib ... 
2023-05-05 22:40:08 +0000  1585 bytes for ./Base.lproj/Main.storyboardc/UIViewController-BYZ-38-t0r.nib
2023-05-05 22:40:08 +0000  copying file ./Base.lproj/Main.storyboardc/BYZ-38-t0r-view-8bC-Xf-vdC.nib ... 
2023-05-05 22:40:08 +0000  10071 bytes for ./Base.lproj/Main.storyboardc/BYZ-38-t0r-view-8bC-Xf-vdC.nib
2023-05-05 22:40:08 +0000  copying file ./Base.lproj/Main.storyboardc/Info.plist ... 
2023-05-05 22:40:08 +0000  333 bytes for ./Base.lproj/Main.storyboardc/Info.plist
2023-05-05 22:40:08 +0000  copying file ./Base.lproj/LaunchScreen.storyboardc/UIViewController-01J-lp-oVM.nib ... 
2023-05-05 22:40:08 +0000  896 bytes for ./Base.lproj/LaunchScreen.storyboardc/UIViewController-01J-lp-oVM.nib
2023-05-05 22:40:08 +0000  copying file ./Base.lproj/LaunchScreen.storyboardc/01J-lp-oVM-view-BUe-b0-r4M.nib ... 
2023-05-05 22:40:08 +0000  8283 bytes for ./Base.lproj/LaunchScreen.storyboardc/01J-lp-oVM-view-BUe-b0-r4M.nib
2023-05-05 22:40:08 +0000  copying file ./Base.lproj/LaunchScreen.storyboardc/Info.plist ... 
2023-05-05 22:40:08 +0000  258 bytes for ./Base.lproj/LaunchScreen.storyboardc/Info.plist
2023-05-05 22:40:08 +0000  copying file ./Assets.car ... 
2023-05-05 22:40:08 +0000  952992 bytes for ./Assets.car
copying file ./AppIcon76x76@2x~ipad.png ... 
2023-05-05 22:40:08 +0000  11953 bytes for ./AppIcon76x76@2x~ipad.png
2023-05-05 22:40:08 +0000  copying file ./embedded.mobileprovision ... 
2023-05-05 22:40:08 +0000  16244 bytes for ./embedded.mobileprovision
2023-05-05 22:40:08 +0000  copying file ./Info.plist ... 
2023-05-05 22:40:08 +0000  1655 bytes for ./Info.plist
2023-05-05 22:40:08 +0000  copying file ./PkgInfo ... 
2023-05-05 22:40:08 +0000  8 bytes for ./PkgInfo
2023-05-05 22:40:08 +0000  /usr/bin/ditto exited with 0
2023-05-05 22:40:08 +0000  Processing step: IDEDistributionEmbedProfileStep
2023-05-05 22:40:08 +0000  Processing step: IDEDistributionInfoPlistStep
2023-05-05 22:40:08 +0000  Skipping step: IDEDistributionInfoPlistStep because it said so
2023-05-05 22:40:08 +0000  Processing step: IDEDistributionAppThinningPlistStep
2023-05-05 22:40:08 +0000  Skipping step: IDEDistributionAppThinningPlistStep because it said so
2023-05-05 22:40:08 +0000  Processing step: IDEDistributionCompileBitcodeStep
2023-05-05 22:40:08 +0000  Skipping step: IDEDistributionCompileBitcodeStep because it said so
2023-05-05 22:40:08 +0000  Processing step: IDEDistributionCodeSlimmingStep
2023-05-05 22:40:08 +0000  Processing step: IDEDistributionCopyBCSymbolMapsStep
2023-05-05 22:40:08 +0000  Skipping step: IDEDistributionCopyBCSymbolMapsStep because it said so
2023-05-05 22:40:08 +0000  Processing step: IDEDistributionSymbolsStep
2023-05-05 22:40:08 +0000  Skipping step: IDEDistributionSymbolsStep because it said so
2023-05-05 22:40:08 +0000  Processing step: IDEDistributionAppThinningStep
2023-05-05 22:40:08 +0000  Skipping step: IDEDistributionAppThinningStep because it said so
2023-05-05 22:40:08 +0000  Processing step: IDEDistributionArchThinningStep
2023-05-05 22:40:08 +0000  Running /Applications/Xcode.app/Contents/Developer/Toolchains/XcodeDefault.xctoolchain/usr/bin/lipo '/var/folders/rp/25m_x24577s1jnrl6fm65svw0000gn/T/XcodeDistPipeline.~~~t7SijW/Root/Payload/Sowify.app/Sowify' '-verify_arch' 'arm64e'
2023-05-05 22:40:08 +0000  /Applications/Xcode.app/Contents/Developer/Toolchains/XcodeDefault.xctoolchain/usr/bin/lipo exited with 1
2023-05-05 22:40:08 +0000  Skipping architecture thinning for item "Sowify" because arch "arm64e" wasn't found
2023-05-05 22:40:08 +0000  Processing step: IDEDistributionODRStep
2023-05-05 22:40:08 +0000  Processing step: IDEDistributionStripXattrsStep
2023-05-05 22:40:08 +0000  Running /usr/bin/xattr '-crs' '/var/folders/rp/25m_x24577s1jnrl6fm65svw0000gn/T/XcodeDistPipeline.~~~t7SijW/Root/Payload/Sowify.app'
2023-05-05 22:40:08 +0000  /usr/bin/xattr exited with 0
2023-05-05 22:40:08 +0000  Processing step: IDEDistributionCodesignStep
2023-05-05 22:40:08 +0000  Entitlements for <IDEDistributionItem: 0x60000aa672a0; bundleID='com.bacata.Sowify', path='<DVTFilePath:0x600006b44460:'/Users/bacataborisov/Library/Developer/Xcode/Archives/2023-05-05/Sowify 5.05.23, 18.38.xcarchive/Products/Applications/Sowify.app'>', codeSigningInfo='<_DVTCodeSigningInformation_Path: 0x6000863f25d0; isSigned='1', isAdHocSigned='0', signingCertificate='<DVTSigningCertificate: 0x60000773ce70; name='Apple Development: Vasil Borisov (N5745B93WJ)', hash='755AAF74DBCEC598C52678619D6B3B11081FE600', serialNumber='6ABB00FEE70E5A35082EBCB0284B3244', certificateKinds='(
    "1.2.840.113635.100.6.1.12",
    "1.2.840.113635.100.6.1.2"
), issueDate='2022-12-12 20:43:45 +0000''>', entitlements='{
    "application-identifier" = "V73TDMAF88.com.bacata.Sowify";
    "com.apple.developer.team-identifier" = V73TDMAF88;
    "get-task-allow" = 1;
}', teamID='V73TDMAF88', identifier='com.bacata.Sowify', executablePath='<DVTFilePath:0x60000a5f5980:'/Users/bacataborisov/Library/Developer/Xcode/Archives/2023-05-05/Sowify 5.05.23, 18.38.xcarchive/Products/Applications/Sowify.app/Sowify'>', hardenedRuntime='0'>'>: {
    "application-identifier" = "V73TDMAF88.com.bacata.Sowify";
    "com.apple.developer.team-identifier" = V73TDMAF88;
    "get-task-allow" = 1;
}
2023-05-05 22:40:08 +0000  Entitlements for <IDEDistributionItem: 0x60000aa672a0; bundleID='com.bacata.Sowify', path='<DVTFilePath:0x600006b44460:'/Users/bacataborisov/Library/Developer/Xcode/Archives/2023-05-05/Sowify 5.05.23, 18.38.xcarchive/Products/Applications/Sowify.app'>', codeSigningInfo='<_DVTCodeSigningInformation_Path: 0x6000863f25d0; isSigned='1', isAdHocSigned='0', signingCertificate='<DVTSigningCertificate: 0x60000773d080; name='Apple Development: Vasil Borisov (N5745B93WJ)', hash='755AAF74DBCEC598C52678619D6B3B11081FE600', serialNumber='6ABB00FEE70E5A35082EBCB0284B3244', certificateKinds='(
    "1.2.840.113635.100.6.1.12",
    "1.2.840.113635.100.6.1.2"
), issueDate='2022-12-12 20:43:45 +0000''>', entitlements='{
    "application-identifier" = "V73TDMAF88.com.bacata.Sowify";
    "com.apple.developer.team-identifier" = V73TDMAF88;
    "get-task-allow" = 1;
}', teamID='V73TDMAF88', identifier='com.bacata.Sowify', executablePath='<DVTFilePath:0x60000a5f5980:'/Users/bacataborisov/Library/Developer/Xcode/Archives/2023-05-05/Sowify 5.05.23, 18.38.xcarchive/Products/Applications/Sowify.app/Sowify'>', hardenedRuntime='0'>'> are: {
    "application-identifier" = "V73TDMAF88.com.bacata.Sowify";
    "com.apple.developer.team-identifier" = V73TDMAF88;
    "get-task-allow" = 1;
}
2023-05-05 22:40:08 +0000  Writing entitlements for <IDEDistributionItem: 0x60000aa672a0; bundleID='com.bacata.Sowify', path='<DVTFilePath:0x600006b44460:'/Users/bacataborisov/Library/Developer/Xcode/Archives/2023-05-05/Sowify 5.05.23, 18.38.xcarchive/Products/Applications/Sowify.app'>', codeSigningInfo='<_DVTCodeSigningInformation_Path: 0x6000863f25d0; isSigned='1', isAdHocSigned='0', signingCertificate='<DVTSigningCertificate: 0x60000773d1e0; name='Apple Development: Vasil Borisov (N5745B93WJ)', hash='755AAF74DBCEC598C52678619D6B3B11081FE600', serialNumber='6ABB00FEE70E5A35082EBCB0284B3244', certificateKinds='(
    "1.2.840.113635.100.6.1.12",
    "1.2.840.113635.100.6.1.2"
), issueDate='2022-12-12 20:43:45 +0000''>', entitlements='{
    "application-identifier" = "V73TDMAF88.com.bacata.Sowify";
    "com.apple.developer.team-identifier" = V73TDMAF88;
    "get-task-allow" = 1;
}', teamID='V73TDMAF88', identifier='com.bacata.Sowify', executablePath='<DVTFilePath:0x60000a5f5980:'/Users/bacataborisov/Library/Developer/Xcode/Archives/2023-05-05/Sowify 5.05.23, 18.38.xcarchive/Products/Applications/Sowify.app/Sowify'>', hardenedRuntime='0'>'> to: /var/folders/rp/25m_x24577s1jnrl6fm65svw0000gn/T/XcodeDistPipeline.~~~t7SijW/entitlements~~~4coJK5
2023-05-05 22:40:08 +0000  Running /usr/bin/codesign '-vvv' '--force' '--sign' '755AAF74DBCEC598C52678619D6B3B11081FE600' '--entitlements' '/var/folders/rp/25m_x24577s1jnrl6fm65svw0000gn/T/XcodeDistPipeline.~~~t7SijW/entitlements~~~4coJK5' '--generate-entitlement-der' '--preserve-metadata=identifier,flags,runtime' '/var/folders/rp/25m_x24577s1jnrl6fm65svw0000gn/T/XcodeDistPipeline.~~~t7SijW/Root/Payload/Sowify.app'
2023-05-05 22:40:08 +0000  /var/folders/rp/25m_x24577s1jnrl6fm65svw0000gn/T/XcodeDistPipeline.~~~t7SijW/Root/Payload/Sowify.app: replacing existing signature
2023-05-05 22:40:08 +0000  /var/folders/rp/25m_x24577s1jnrl6fm65svw0000gn/T/XcodeDistPipeline.~~~t7SijW/Root/Payload/Sowify.app: signed app bundle with Mach-O thin (arm64) [com.bacata.Sowify]
2023-05-05 22:40:08 +0000  /usr/bin/codesign exited with 0
2023-05-05 22:40:08 +0000  Processing step: IDEDistributionZipODRItemStep
2023-05-05 22:40:08 +0000  Skipping step: IDEDistributionZipODRItemStep because it said so
2023-05-05 22:40:08 +0000  Processing step: IDEDistributionCreateIPAStep
2023-05-05 22:40:08 +0000  Running /usr/bin/ditto '-V' '-c' '-k' '--norsrc' '/var/folders/rp/25m_x24577s1jnrl6fm65svw0000gn/T/XcodeDistPipeline.~~~t7SijW/Root' '/var/folders/rp/25m_x24577s1jnrl6fm65svw0000gn/T/XcodeDistPipeline.~~~t7SijW/Packages/Sowify.ipa'
2023-05-05 22:40:08 +0000  >>> Copying /var/folders/rp/25m_x24577s1jnrl6fm65svw0000gn/T/XcodeDistPipeline.~~~t7SijW/Root 
2023-05-05 22:40:08 +0000  copying file ./Payload/Sowify.app/_CodeSignature/CodeResources ... 
2023-05-05 22:40:08 +0000  5165 bytes for ./Payload/Sowify.app/_CodeSignature/CodeResources
2023-05-05 22:40:08 +0000  copying file ./Payload/Sowify.app/AppIcon60x60@2x.png ... 
2023-05-05 22:40:08 +0000  8887 bytes for ./Payload/Sowify.app/AppIcon60x60@2x.png
2023-05-05 22:40:08 +0000  copying file ./Payload/Sowify.app/Sowify ... 
2023-05-05 22:40:08 +0000  1360128 bytes for ./Payload/Sowify.app/Sowify
2023-05-05 22:40:08 +0000  copying file ./Payload/Sowify.app/Base.lproj/Main.storyboardc/6ZI-3R-Ws1-view-UoK-Xe-ovN.nib ... 
2023-05-05 22:40:08 +0000  5528 bytes for ./Payload/Sowify.app/Base.lproj/Main.storyboardc/6ZI-3R-Ws1-view-UoK-Xe-ovN.nib
2023-05-05 22:40:08 +0000  copying file ./Payload/Sowify.app/Base.lproj/Main.storyboardc/UIViewController-6ZI-3R-Ws1.nib ... 
2023-05-05 22:40:08 +0000  1076 bytes for ./Payload/Sowify.app/Base.lproj/Main.storyboardc/UIViewController-6ZI-3R-Ws1.nib
copying file ./Payload/Sowify.app/Base.lproj/Main.storyboardc/UIViewController-BYZ-38-t0r.nib ... 
2023-05-05 22:40:08 +0000  1585 bytes for ./Payload/Sowify.app/Base.lproj/Main.storyboardc/UIViewController-BYZ-38-t0r.nib
copying file ./Payload/Sowify.app/Base.lproj/Main.storyboardc/BYZ-38-t0r-view-8bC-Xf-vdC.nib ... 
2023-05-05 22:40:08 +0000  10071 bytes for ./Payload/Sowify.app/Base.lproj/Main.storyboardc/BYZ-38-t0r-view-8bC-Xf-vdC.nib
2023-05-05 22:40:08 +0000  copying file ./Payload/Sowify.app/Base.lproj/Main.storyboardc/Info.plist ... 
333 bytes for ./Payload/Sowify.app/Base.lproj/Main.storyboardc/Info.plist
2023-05-05 22:40:08 +0000  copying file ./Payload/Sowify.app/Base.lproj/LaunchScreen.storyboardc/UIViewController-01J-lp-oVM.nib ... 
2023-05-05 22:40:08 +0000  896 bytes for ./Payload/Sowify.app/Base.lproj/LaunchScreen.storyboardc/UIViewController-01J-lp-oVM.nib
2023-05-05 22:40:08 +0000  copying file ./Payload/Sowify.app/Base.lproj/LaunchScreen.storyboardc/01J-lp-oVM-view-BUe-b0-r4M.nib ... 
2023-05-05 22:40:08 +0000  8283 bytes for ./Payload/Sowify.app/Base.lproj/LaunchScreen.storyboardc/01J-lp-oVM-view-BUe-b0-r4M.nib
2023-05-05 22:40:08 +0000  copying file ./Payload/Sowify.app/Base.lproj/LaunchScreen.storyboardc/Info.plist ... 
258 bytes for ./Payload/Sowify.app/Base.lproj/LaunchScreen.storyboardc/Info.plist
2023-05-05 22:40:08 +0000  copying file ./Payload/Sowify.app/Assets.car ... 
2023-05-05 22:40:08 +0000  952992 bytes for ./Payload/Sowify.app/Assets.car
copying file ./Payload/Sowify.app/AppIcon76x76@2x~ipad.png ... 
2023-05-05 22:40:08 +0000  11953 bytes for ./Payload/Sowify.app/AppIcon76x76@2x~ipad.png
2023-05-05 22:40:08 +0000  copying file ./Payload/Sowify.app/embedded.mobileprovision ... 
2023-05-05 22:40:08 +0000  16244 bytes for ./Payload/Sowify.app/embedded.mobileprovision
copying file ./Payload/Sowify.app/Info.plist ... 
2023-05-05 22:40:08 +0000  1655 bytes for ./Payload/Sowify.app/Info.plist
2023-05-05 22:40:08 +0000  copying file ./Payload/Sowify.app/PkgInfo ... 
2023-05-05 22:40:08 +0000  8 bytes for ./Payload/Sowify.app/PkgInfo
2023-05-05 22:40:08 +0000  /usr/bin/ditto exited with 0
2023-05-05 22:40:08 +0000  Processing step: IDEDistributionAppStoreInformationStep
2023-05-05 22:40:08 +0000  Skipping step: IDEDistributionAppStoreInformationStep because it said so
2023-05-05 22:40:08 +0000  Processing step: IDEDistributionGenerateProcessedDistributionItems
2023-05-05 22:40:08 +0000  IDEDistributionItem init <DVTFilePath:0x600076825730:'/var/folders/rp/25m_x24577s1jnrl6fm65svw0000gn/T/XcodeDistPipeline.~~~t7SijW/Root/Payload/Sowify.app'>
2023-05-05 22:40:08 +0000  Processing step: IDEDistributionCreateManifestStep
